<?xml version="1.0" encoding="UTF-8"?>
<!-- Generated by org.testng.reporters.JUnitReportReporter -->
<testsuite hostname="SuDha" failures="0" tests="1" name="com.inetbanking.testCases.TCLoginTest_001" time="10.458" errors="0" timestamp="2024-02-07T13:03:49 IST" skipped="0">
  <testcase classname="com.inetbanking.testCases.TCLoginTest_001" name="loginTest" time="10.458"/>
  <system-out/>
</testsuite> <!-- com.inetbanking.testCases.TCLoginTest_001 -->
